<?xml version="1.0" encoding="UTF-8"?><testsuite errors="0" failures="1" name="io.swagger.petstore.usernpetinfo.UserTagsTest" skipped="0" tests="3" time="7.42" timestamp="2023-01-10T14:34:29.360Z[Europe/London]"><testcase classname="io.swagger.petstore.usernpetinfo.UserTagsTest" name="Provide a 415 status code when incorrect HTTP method is used to access resource"/><testcase classname="io.swagger.petstore.usernpetinfo.UserTagsTest" name="This test will verify if a status code of 200 is returned for GET request"/><testcase classname="io.swagger.petstore.usernpetinfo.UserTagsTest" name="This test will provide an error code of 404 when user tries to access an invalid resource"><failure message="1 expectation failed.&#10;Expected status code &lt;404&gt; but was &lt;405&gt;.&#10;" type="java.lang.AssertionError">1 expectation failed.
Expected status code &lt;404&gt; but was &lt;405&gt;.
</failure><system-err>1 expectation failed.
Expected status code &lt;404&gt; but was &lt;405&gt;.
&#13;
io.restassured.internal.ResponseSpecificationImpl.validateResponseIfRequired(ResponseSpecificationImpl.groovy:636)&#13;
io.restassured.internal.ResponseSpecificationImpl.statusCode(ResponseSpecificationImpl.groovy:122)&#13;
io.restassured.internal.ResponseSpecificationImpl.statusCode(ResponseSpecificationImpl.groovy:130)&#13;
io.restassured.internal.ValidatableResponseOptionsImpl.statusCode(ValidatableResponseOptionsImpl.java:117)&#13;
io.swagger.petstore.usernpetinfo.UserTagsTest.inCorrectResource(UserTagsTest.java:56)&#13;
</system-err></testcase></testsuite>